<?xml version="1.0" encoding="UTF-8"?><testsuite name="nosetests" tests="15" errors="0" failures="0" skip="0"><testcase classname="tests.integration.test_loaders.TestLoaderBasicFunctionality" name="test_can_determine_latest_version" time="0.004"></testcase><testcase classname="tests.integration.test_loaders.TestLoaderBasicFunctionality" name="test_can_list_available_services" time="0.003"></testcase><testcase classname="tests.integration.test_loaders.TestLoaderBasicFunctionality" name="test_can_load_data" time="0.048"></testcase><testcase classname="tests.integration.test_loaders.TestLoaderBasicFunctionality" name="test_search_path_has_at_least_one_entry" time="0.003"></testcase><testcase classname="tests.integration.test_session.TestCanChangeParsing" name="test_maps_service_name_from_client" time="0.115"></testcase><testcase classname="tests.integration.test_session.TestCanChangeParsing" name="test_maps_service_name_when_overriden" time="0.086"></testcase><testcase classname="tests.integration.test_utils" name="test_can_generate_all_inputs(&lt;kscore.utils.ArgumentGenerator object at 0x0384EFF0&gt;, &lt;StructureShape(Project)&gt;, 'gametest', 'EditProject')" time="0.001"></testcase><testcase classname="tests.integration.test_utils" name="test_can_generate_all_inputs(&lt;kscore.utils.ArgumentGenerator object at 0x0384EFF0&gt;, &lt;StructureShape(Project)&gt;, 'gametest', 'AddProject')" time="0.001"></testcase><testcase classname="tests.integration.test_utils" name="test_can_generate_all_inputs(&lt;kscore.utils.ArgumentGenerator object at 0x0384EFF0&gt;, &lt;StructureShape(Id)&gt;, 'gametest', 'DeleteProject')" time="0.001"></testcase><testcase classname="tests.integration.test_utils" name="test_can_generate_all_inputs(&lt;kscore.utils.ArgumentGenerator object at 0x0384EFF0&gt;, &lt;StructureShape(Id)&gt;, 'gametest', 'GetProjectInfo')" time="0.002"></testcase><testcase classname="tests.integration.test_utils" name="test_can_generate_all_inputs(&lt;kscore.utils.ArgumentGenerator object at 0x0384EFF0&gt;, &lt;StructureShape(Project)&gt;, 'kec', 'AddProject')" time="0.001"></testcase><testcase classname="tests.integration.test_utils" name="test_can_generate_all_inputs(&lt;kscore.utils.ArgumentGenerator object at 0x0384EFF0&gt;, &lt;StructureShape(Project)&gt;, 'kog', 'EditProject')" time="0.002"></testcase><testcase classname="tests.integration.test_utils" name="test_can_generate_all_inputs(&lt;kscore.utils.ArgumentGenerator object at 0x0384EFF0&gt;, &lt;StructureShape(Project)&gt;, 'kog', 'AddProject')" time="0.001"></testcase><testcase classname="tests.integration.test_utils" name="test_can_generate_all_inputs(&lt;kscore.utils.ArgumentGenerator object at 0x0384EFF0&gt;, &lt;StructureShape(Id)&gt;, 'kog', 'DeleteProject')" time="0.001"></testcase><testcase classname="tests.integration.test_utils" name="test_can_generate_all_inputs(&lt;kscore.utils.ArgumentGenerator object at 0x0384EFF0&gt;, &lt;StructureShape(Id)&gt;, 'kog', 'GetProjectInfo')" time="0.001"></testcase></testsuite>